{"/home/student/workspace/puppy-love/index.js": {"path":"/home/student/workspace/puppy-love/index.js","statementMap":{"0":{"start":{"line":1,"column":15},"end":{"line":1,"column":34}},"1":{"start":{"line":3,"column":13},"end":{"line":3,"column":37}},"2":{"start":{"line":5,"column":0},"end":{"line":5,"column":79}},"3":{"start":{"line":5,"column":26},"end":{"line":5,"column":77}}},"fnMap":{"0":{"name":"(anonymous_0)","decl":{"start":{"line":5,"column":20},"end":{"line":5,"column":21}},"loc":{"start":{"line":5,"column":26},"end":{"line":5,"column":77}},"line":5}},"branchMap":{"0":{"loc":{"start":{"line":3,"column":13},"end":{"line":3,"column":37}},"type":"binary-expr","locations":[{"start":{"line":3,"column":13},"end":{"line":3,"column":29}},{"start":{"line":3,"column":33},"end":{"line":3,"column":37}}],"line":3}},"s":{"0":1,"1":1,"2":1,"3":0},"f":{"0":0},"b":{"0":[1,1]},"_coverageSchema":"332fd63041d2c1bcb487cc26dd0d5f7d97098a6c","hash":"ef86eae75d3d6a658d36b0aed2e4fadb979db8cb"}
,"/home/student/workspace/puppy-love/routes.js": {"path":"/home/student/workspace/puppy-love/routes.js","statementMap":{"0":{"start":{"line":1,"column":16},"end":{"line":1,"column":34}},"1":{"start":{"line":2,"column":15},"end":{"line":2,"column":31}},"2":{"start":{"line":3,"column":11},"end":{"line":3,"column":24}},"3":{"start":{"line":6,"column":0},"end":{"line":11,"column":2}},"4":{"start":{"line":7,"column":18},"end":{"line":9,"column":3}},"5":{"start":{"line":10,"column":2},"end":{"line":10,"column":30}},"6":{"start":{"line":13,"column":0},"end":{"line":15,"column":2}},"7":{"start":{"line":14,"column":2},"end":{"line":14,"column":22}},"8":{"start":{"line":16,"column":0},"end":{"line":21,"column":2}},"9":{"start":{"line":17,"column":2},"end":{"line":20,"column":4}},"10":{"start":{"line":18,"column":18},"end":{"line":18,"column":34}},"11":{"start":{"line":19,"column":4},"end":{"line":19,"column":31}},"12":{"start":{"line":23,"column":0},"end":{"line":34,"column":3}},"13":{"start":{"line":24,"column":2},"end":{"line":33,"column":5}},"14":{"start":{"line":25,"column":13},"end":{"line":25,"column":34}},"15":{"start":{"line":26,"column":18},"end":{"line":26,"column":42}},"16":{"start":{"line":27,"column":4},"end":{"line":32,"column":5}},"17":{"start":{"line":28,"column":6},"end":{"line":31,"column":7}},"18":{"start":{"line":29,"column":20},"end":{"line":29,"column":30}},"19":{"start":{"line":30,"column":8},"end":{"line":30,"column":37}},"20":{"start":{"line":36,"column":0},"end":{"line":54,"column":3}},"21":{"start":{"line":37,"column":2},"end":{"line":37,"column":31}},"22":{"start":{"line":38,"column":2},"end":{"line":53,"column":5}},"23":{"start":{"line":39,"column":13},"end":{"line":39,"column":34}},"24":{"start":{"line":40,"column":18},"end":{"line":40,"column":42}},"25":{"start":{"line":41,"column":4},"end":{"line":47,"column":5}},"26":{"start":{"line":42,"column":6},"end":{"line":46,"column":7}},"27":{"start":{"line":43,"column":20},"end":{"line":43,"column":30}},"28":{"start":{"line":44,"column":8},"end":{"line":44,"column":48}},"29":{"start":{"line":44,"column":29},"end":{"line":44,"column":48}},"30":{"start":{"line":45,"column":8},"end":{"line":45,"column":45}},"31":{"start":{"line":49,"column":4},"end":{"line":52,"column":6}},"32":{"start":{"line":50,"column":6},"end":{"line":50,"column":42}},"33":{"start":{"line":62,"column":0},"end":{"line":62,"column":23}}},"fnMap":{"0":{"name":"(anonymous_0)","decl":{"start":{"line":6,"column":16},"end":{"line":6,"column":17}},"loc":{"start":{"line":6,"column":30},"end":{"line":11,"column":1}},"line":6},"1":{"name":"(anonymous_1)","decl":{"start":{"line":13,"column":20},"end":{"line":13,"column":21}},"loc":{"start":{"line":13,"column":34},"end":{"line":15,"column":1}},"line":13},"2":{"name":"(anonymous_2)","decl":{"start":{"line":16,"column":23},"end":{"line":16,"column":24}},"loc":{"start":{"line":16,"column":37},"end":{"line":21,"column":1}},"line":16},"3":{"name":"(anonymous_3)","decl":{"start":{"line":17,"column":37},"end":{"line":17,"column":38}},"loc":{"start":{"line":17,"column":58},"end":{"line":20,"column":3}},"line":17},"4":{"name":"(anonymous_4)","decl":{"start":{"line":23,"column":27},"end":{"line":23,"column":28}},"loc":{"start":{"line":23,"column":41},"end":{"line":34,"column":1}},"line":23},"5":{"name":"(anonymous_5)","decl":{"start":{"line":24,"column":37},"end":{"line":24,"column":38}},"loc":{"start":{"line":24,"column":58},"end":{"line":33,"column":3}},"line":24},"6":{"name":"(anonymous_6)","decl":{"start":{"line":36,"column":36},"end":{"line":36,"column":37}},"loc":{"start":{"line":36,"column":50},"end":{"line":54,"column":1}},"line":36},"7":{"name":"(anonymous_7)","decl":{"start":{"line":38,"column":37},"end":{"line":38,"column":38}},"loc":{"start":{"line":38,"column":58},"end":{"line":53,"column":3}},"line":38},"8":{"name":"(anonymous_8)","decl":{"start":{"line":49,"column":79},"end":{"line":49,"column":80}},"loc":{"start":{"line":49,"column":94},"end":{"line":52,"column":5}},"line":49}},"branchMap":{"0":{"loc":{"start":{"line":28,"column":6},"end":{"line":31,"column":7}},"type":"if","locations":[{"start":{"line":28,"column":6},"end":{"line":31,"column":7}},{"start":{"line":28,"column":6},"end":{"line":31,"column":7}}],"line":28},"1":{"loc":{"start":{"line":42,"column":6},"end":{"line":46,"column":7}},"type":"if","locations":[{"start":{"line":42,"column":6},"end":{"line":46,"column":7}},{"start":{"line":42,"column":6},"end":{"line":46,"column":7}}],"line":42},"2":{"loc":{"start":{"line":44,"column":8},"end":{"line":44,"column":48}},"type":"if","locations":[{"start":{"line":44,"column":8},"end":{"line":44,"column":48}},{"start":{"line":44,"column":8},"end":{"line":44,"column":48}}],"line":44}},"s":{"0":2,"1":2,"2":2,"3":2,"4":1,"5":1,"6":2,"7":0,"8":2,"9":0,"10":0,"11":0,"12":2,"13":1,"14":1,"15":1,"16":1,"17":9,"18":1,"19":1,"20":2,"21":0,"22":0,"23":0,"24":0,"25":0,"26":0,"27":0,"28":0,"29":0,"30":0,"31":0,"32":0,"33":2},"f":{"0":1,"1":0,"2":0,"3":0,"4":1,"5":1,"6":0,"7":0,"8":0},"b":{"0":[1,8],"1":[0,0],"2":[0,0]},"_coverageSchema":"332fd63041d2c1bcb487cc26dd0d5f7d97098a6c","hash":"f8fd91bdfc6543d0a595d3df2368e97f6ac85410"}
,"/home/student/workspace/puppy-love/server.js": {"path":"/home/student/workspace/puppy-love/server.js","statementMap":{"0":{"start":{"line":1,"column":16},"end":{"line":1,"column":34}},"1":{"start":{"line":2,"column":15},"end":{"line":2,"column":24}},"2":{"start":{"line":3,"column":12},"end":{"line":3,"column":41}},"3":{"start":{"line":4,"column":13},"end":{"line":4,"column":28}},"4":{"start":{"line":6,"column":15},"end":{"line":6,"column":34}},"5":{"start":{"line":9,"column":0},"end":{"line":12,"column":4}},"6":{"start":{"line":13,"column":0},"end":{"line":13,"column":37}},"7":{"start":{"line":14,"column":0},"end":{"line":14,"column":51}},"8":{"start":{"line":15,"column":0},"end":{"line":15,"column":33}},"9":{"start":{"line":17,"column":0},"end":{"line":17,"column":36}},"10":{"start":{"line":18,"column":0},"end":{"line":18,"column":22}},"11":{"start":{"line":20,"column":0},"end":{"line":20,"column":24}}},"fnMap":{},"branchMap":{},"s":{"0":2,"1":2,"2":2,"3":2,"4":2,"5":2,"6":2,"7":2,"8":2,"9":2,"10":2,"11":2},"f":{},"b":{},"_coverageSchema":"332fd63041d2c1bcb487cc26dd0d5f7d97098a6c","hash":"4edd6b2f0e81a7a8b25c515a0e7bd9f73358e9a2"}
}
